[0m15:48:34.017935 [debug] [MainThread]: Sending event: {'category': 'dbt', 'action': 'invocation', 'label': 'start', 'context': [<snowplow_tracker.self_describing_json.SelfDescribingJson object at 0x000001E47A243550>, <snowplow_tracker.self_describing_json.SelfDescribingJson object at 0x000001E47D3B4460>, <snowplow_tracker.self_describing_json.SelfDescribingJson object at 0x000001E47D3B4220>]}


============================== 15:48:34.019946 | 7b54832d-31c8-44d4-96d0-796186280378 ==============================
[0m15:48:34.019946 [info ] [MainThread]: Running with dbt=1.7.4
[0m15:48:34.019946 [debug] [MainThread]: running dbt with arguments {'printer_width': '80', 'indirect_selection': 'eager', 'log_cache_events': 'False', 'write_json': 'True', 'partial_parse': 'True', 'cache_selected_only': 'False', 'profiles_dir': 'C:\\Users\\tulik\\.dbt', 'version_check': 'True', 'debug': 'False', 'log_path': 'logs', 'fail_fast': 'False', 'warn_error': 'None', 'use_colors': 'True', 'use_experimental_parser': 'False', 'no_print': 'None', 'quiet': 'False', 'warn_error_options': 'WarnErrorOptions(include=[], exclude=[])', 'invocation_command': 'dbt init', 'log_format': 'default', 'static_parser': 'True', 'target_path': 'None', 'introspect': 'True', 'send_anonymous_usage_stats': 'True'}
[0m15:48:34.019946 [warn ] [MainThread]: [ConfigFolderDirectory]: Unable to parse dict {'dir': WindowsPath('C:/Users/tulik/.dbt')}
[0m15:48:34.019946 [info ] [MainThread]: Creating dbt configuration folder at 
[0m15:49:24.374690 [debug] [MainThread]: Starter project path: C:\Users\tulik\AppData\Roaming\Python\Python310\site-packages\dbt\include\starter_project
[0m15:49:24.440843 [info ] [MainThread]: 
Your new dbt project "dbt_aws_snowflake" was created!

For more information on how to configure the profiles.yml file,
please consult the dbt documentation here:

  https://docs.getdbt.com/docs/configure-your-profile

One more thing:

Need help? Don't hesitate to reach out to us via GitHub issues or on Slack:

  https://community.getdbt.com/

Happy modeling!

[0m15:49:24.454270 [info ] [MainThread]: Setting up your profile.
[0m16:20:48.432834 [info ] [MainThread]: Profile dbt_aws_snowflake written to C:\Users\tulik\.dbt\profiles.yml using target's profile_template.yml and your supplied values. Run 'dbt debug' to validate the connection.
[0m16:20:48.448419 [debug] [MainThread]: Command `dbt init` succeeded at 16:20:48.448419 after 1934.48 seconds
[0m16:20:48.448419 [debug] [MainThread]: Sending event: {'category': 'dbt', 'action': 'invocation', 'label': 'end', 'context': [<snowplow_tracker.self_describing_json.SelfDescribingJson object at 0x000001E47A243550>, <snowplow_tracker.self_describing_json.SelfDescribingJson object at 0x000001E47DA3BCA0>, <snowplow_tracker.self_describing_json.SelfDescribingJson object at 0x000001E47D3B4100>]}
[0m16:20:48.448419 [debug] [MainThread]: Flushing usage events
[0m17:19:41.979006 [debug] [MainThread]: Sending event: {'category': 'dbt', 'action': 'invocation', 'label': 'start', 'context': [<snowplow_tracker.self_describing_json.SelfDescribingJson object at 0x0000017AF3DDC550>, <snowplow_tracker.self_describing_json.SelfDescribingJson object at 0x0000017AF6FC1B40>, <snowplow_tracker.self_describing_json.SelfDescribingJson object at 0x0000017AF6FC1930>]}


============================== 17:19:41.979006 | 92e70070-5b26-4f37-bdc3-5bcca6c714e2 ==============================
[0m17:19:41.979006 [info ] [MainThread]: Running with dbt=1.7.4
[0m17:19:41.979006 [debug] [MainThread]: running dbt with arguments {'printer_width': '80', 'indirect_selection': 'eager', 'log_cache_events': 'False', 'write_json': 'True', 'partial_parse': 'True', 'cache_selected_only': 'False', 'profiles_dir': 'C:\\Users\\tulik\\.dbt', 'debug': 'False', 'warn_error': 'None', 'log_path': 'logs', 'fail_fast': 'False', 'version_check': 'True', 'use_colors': 'True', 'use_experimental_parser': 'False', 'no_print': 'None', 'quiet': 'False', 'log_format': 'default', 'introspect': 'True', 'static_parser': 'True', 'warn_error_options': 'WarnErrorOptions(include=[], exclude=[])', 'target_path': 'None', 'invocation_command': 'dbt run', 'send_anonymous_usage_stats': 'True'}
[0m17:19:41.979006 [error] [MainThread]: Encountered an error:
Runtime Error
  No dbt_project.yml found at expected path C:\Users\tulik\AWS PROJECT\data_engg_aws_project\dbt_project.yml
  Verify that each entry within packages.yml (and their transitive dependencies) contains a file named dbt_project.yml
  
[0m17:19:41.979006 [debug] [MainThread]: Command `dbt run` failed at 17:19:41.979006 after 0.10 seconds
[0m17:19:41.979006 [debug] [MainThread]: Sending event: {'category': 'dbt', 'action': 'invocation', 'label': 'end', 'context': [<snowplow_tracker.self_describing_json.SelfDescribingJson object at 0x0000017AF3DDC550>, <snowplow_tracker.self_describing_json.SelfDescribingJson object at 0x0000017AF6FC1B10>, <snowplow_tracker.self_describing_json.SelfDescribingJson object at 0x0000017AF6FC1BA0>]}
[0m17:19:41.979006 [debug] [MainThread]: Flushing usage events
